# JRE version: Java(TM) SE Runtime Environment (22.0.2+9) (build 22.0.2+9-70)
# Java VM: Java HotSpot(TM) 64-Bit Server VM (22.0.2+9-70, mixed mode, sharing, tiered, compressed oops, compressed class ptrs, g1 gc, windows-amd64)
GC Precious Log:
 CardTable entry size: 512
 Card Set container configuration: InlinePtr #cards 5 size 8 Array Of Cards #cards 12 size 40 Howl #buckets 4 coarsen threshold 1843 Howl Bitmap #cards 512 size 80 coarsen threshold 460 Card regions per heap region 1 cards per card region 2048
 CPUs: 4 total, 4 available
 Memory: 3830M
 Large Page Support: Disabled
 NUMA Support: Disabled
 Compressed Oops: Enabled (32-bit)
 Heap Region Size: 1M
 Heap Min Capacity: 8M
 Heap Initial Capacity: 60M
 Heap Max Capacity: 958M
 Pre-touch: Disabled
 Parallel Workers: 4
 Concurrent Workers: 1
 Concurrent Refinement Workers: 4
 Periodic GC: Disabled
Heap:
 garbage-first heap   total reserved 980992K, committed 150528K, used 90604K [0x00000000c4200000, 0x0000000100000000)
  region size 1024K, 47 young (48128K), 3 survivors (3072K)
 Metaspace       used 93176K, committed 93952K, reserved 1179648K
  class space    used 13088K, committed 13440K, reserved 1048576K
GC Heap History (20 events):
Event: 876.056 GC heap before
{Heap before GC invocations=47 (full 0):
 garbage-first heap   total reserved 980992K, committed 82944K, used 75670K [0x00000000c4200000, 0x0000000100000000)
  region size 1024K, 32 young (32768K), 1 survivors (1024K)
 Metaspace       used 92589K, committed 93312K, reserved 1179648K
  class space    used 13074K, committed 13376K, reserved 1048576K
}
Event: 876.057 GC heap after
{Heap after GC invocations=48 (full 0):
 garbage-first heap   total reserved 980992K, committed 82944K, used 43905K [0x00000000c4200000, 0x0000000100000000)
  region size 1024K, 1 young (1024K), 1 survivors (1024K)
 Metaspace       used 92589K, committed 93312K, reserved 1179648K
  class space    used 13074K, committed 13376K, reserved 1048576K
}
Event: 876.110 GC heap before
{Heap before GC invocations=48 (full 0):
 garbage-first heap   total reserved 980992K, committed 82944K, used 75649K [0x00000000c4200000, 0x0000000100000000)
  region size 1024K, 32 young (32768K), 1 survivors (1024K)
 Metaspace       used 92589K, committed 93312K, reserved 1179648K
  class space    used 13074K, committed 13376K, reserved 1048576K
}
Event: 876.116 GC heap after
{Heap after GC invocations=49 (full 0):
 garbage-first heap   total reserved 980992K, committed 82944K, used 43755K [0x00000000c4200000, 0x0000000100000000)
  region size 1024K, 1 young (1024K), 1 survivors (1024K)
 Metaspace       used 92589K, committed 93312K, reserved 1179648K
  class space    used 13074K, committed 13376K, reserved 1048576K
}
Event: 876.180 GC heap before
{Heap before GC invocations=49 (full 0):
 garbage-first heap   total reserved 980992K, committed 82944K, used 75499K [0x00000000c4200000, 0x0000000100000000)
  region size 1024K, 32 young (32768K), 1 survivors (1024K)
 Metaspace       used 92589K, committed 93312K, reserved 1179648K
  class space    used 13074K, committed 13376K, reserved 1048576K
}
Event: 876.182 GC heap after
{Heap after GC invocations=50 (full 0):
 garbage-first heap   total reserved 980992K, committed 82944K, used 43757K [0x00000000c4200000, 0x0000000100000000)
  region size 1024K, 1 young (1024K), 1 survivors (1024K)
 Metaspace       used 92589K, committed 93312K, reserved 1179648K
  class space    used 13074K, committed 13376K, reserved 1048576K
}
Event: 876.344 GC heap before
{Heap before GC invocations=51 (full 0):
 garbage-first heap   total reserved 980992K, committed 82944K, used 75501K [0x00000000c4200000, 0x0000000100000000)
  region size 1024K, 32 young (32768K), 1 survivors (1024K)
 Metaspace       used 92590K, committed 93312K, reserved 1179648K
  class space    used 13074K, committed 13376K, reserved 1048576K
}
Event: 876.346 GC heap after
{Heap after GC invocations=52 (full 0):
 garbage-first heap   total reserved 980992K, committed 82944K, used 43972K [0x00000000c4200000, 0x0000000100000000)
  region size 1024K, 1 young (1024K), 1 survivors (1024K)
 Metaspace       used 92590K, committed 93312K, reserved 1179648K
  class space    used 13074K, committed 13376K, reserved 1048576K
}
Event: 877.555 GC heap before
{Heap before GC invocations=52 (full 0):
 garbage-first heap   total reserved 980992K, committed 82944K, used 75716K [0x00000000c4200000, 0x0000000100000000)
  region size 1024K, 32 young (32768K), 1 survivors (1024K)
 Metaspace       used 92782K, committed 93568K, reserved 1179648K
  class space    used 13081K, committed 13440K, reserved 1048576K
}
Event: 877.562 GC heap after
{Heap after GC invocations=53 (full 0):
 garbage-first heap   total reserved 980992K, committed 82944K, used 44484K [0x00000000c4200000, 0x0000000100000000)
  region size 1024K, 1 young (1024K), 1 survivors (1024K)
 Metaspace       used 92782K, committed 93568K, reserved 1179648K
  class space    used 13081K, committed 13440K, reserved 1048576K
}
Event: 877.612 GC heap before
{Heap before GC invocations=53 (full 0):
 garbage-first heap   total reserved 980992K, committed 82944K, used 45508K [0x00000000c4200000, 0x0000000100000000)
  region size 1024K, 4 young (4096K), 1 survivors (1024K)
 Metaspace       used 92806K, committed 93568K, reserved 1179648K
  class space    used 13081K, committed 13440K, reserved 1048576K
}
Event: 877.614 GC heap after
{Heap after GC invocations=54 (full 0):
 garbage-first heap   total reserved 980992K, committed 82944K, used 46574K [0x00000000c4200000, 0x0000000100000000)
  region size 1024K, 3 young (3072K), 3 survivors (3072K)
 Metaspace       used 92806K, committed 93568K, reserved 1179648K
  class space    used 13081K, committed 13440K, reserved 1048576K
}
Event: 877.745 GC heap before
{Heap before GC invocations=55 (full 0):
 garbage-first heap   total reserved 980992K, committed 82944K, used 74222K [0x00000000c4200000, 0x0000000100000000)
  region size 1024K, 30 young (30720K), 3 survivors (3072K)
 Metaspace       used 92840K, committed 93568K, reserved 1179648K
  class space    used 13083K, committed 13440K, reserved 1048576K
}
Event: 877.746 GC heap after
{Heap after GC invocations=56 (full 0):
 garbage-first heap   total reserved 980992K, committed 82944K, used 45966K [0x00000000c4200000, 0x0000000100000000)
  region size 1024K, 2 young (2048K), 2 survivors (2048K)
 Metaspace       used 92840K, committed 93568K, reserved 1179648K
  class space    used 13083K, committed 13440K, reserved 1048576K
}
Event: 877.785 GC heap before
{Heap before GC invocations=56 (full 0):
 garbage-first heap   total reserved 980992K, committed 82944K, used 75662K [0x00000000c4200000, 0x0000000100000000)
  region size 1024K, 31 young (31744K), 2 survivors (2048K)
 Metaspace       used 92840K, committed 93568K, reserved 1179648K
  class space    used 13083K, committed 13440K, reserved 1048576K
}
Event: 877.790 GC heap after
{Heap after GC invocations=57 (full 0):
 garbage-first heap   total reserved 980992K, committed 158720K, used 45043K [0x00000000c4200000, 0x0000000100000000)
  region size 1024K, 3 young (3072K), 3 survivors (3072K)
 Metaspace       used 92840K, committed 93568K, reserved 1179648K
  class space    used 13083K, committed 13440K, reserved 1048576K
}
Event: 877.939 GC heap before
{Heap before GC invocations=57 (full 0):
 garbage-first heap   total reserved 980992K, committed 158720K, used 122867K [0x00000000c4200000, 0x0000000100000000)
  region size 1024K, 79 young (80896K), 3 survivors (3072K)
 Metaspace       used 92840K, committed 93568K, reserved 1179648K
  class space    used 13083K, committed 13440K, reserved 1048576K
}
Event: 877.941 GC heap after
{Heap after GC invocations=58 (full 0):
 garbage-first heap   total reserved 980992K, committed 158720K, used 44541K [0x00000000c4200000, 0x0000000100000000)
  region size 1024K, 2 young (2048K), 2 survivors (2048K)
 Metaspace       used 92840K, committed 93568K, reserved 1179648K
  class space    used 13083K, committed 13440K, reserved 1048576K
}
Event: 878.048 GC heap before
{Heap before GC invocations=59 (full 0):
 garbage-first heap   total reserved 980992K, committed 150528K, used 132605K [0x00000000c4200000, 0x0000000100000000)
  region size 1024K, 88 young (90112K), 2 survivors (2048K)
 Metaspace       used 92844K, committed 93632K, reserved 1179648K
  class space    used 13083K, committed 13440K, reserved 1048576K
}
Event: 878.049 GC heap after
{Heap after GC invocations=60 (full 0):
 garbage-first heap   total reserved 980992K, committed 150528K, used 45548K [0x00000000c4200000, 0x0000000100000000)
  region size 1024K, 3 young (3072K), 3 survivors (3072K)
 Metaspace       used 92844K, committed 93632K, reserved 1179648K
  class space    used 13083K, committed 13440K, reserved 1048576K
}

